<?xml version="1.0" encoding="UTF-8"?>
<!-- Generated by org.testng.reporters.JUnitReportReporter -->
<testsuite hostname="DESKTOP-O0RSMQB" failures="0" tests="1" name="utilityData.TestCsv" time="0.022" errors="0" timestamp="23 Jun 2019 13:16:38 GMT" skipped="0">
  <testcase classname="utilityData.TestCsv" name="main" time="0.022"/>
</testsuite> <!-- utilityData.TestCsv -->
