<?xml version="1.0" encoding="UTF-8"?>
<!-- Generated by org.testng.reporters.JUnitReportReporter -->
<testsuite hostname="DESKTOP-O0RSMQB" failures="0" tests="1" name="utilityData.TestCsv" time="0.019" errors="0" timestamp="27 Jun 2019 13:30:59 GMT" skipped="0">
  <testcase classname="utilityData.TestCsv" name="main" time="0.019"/>
</testsuite> <!-- utilityData.TestCsv -->
